<?xml version="1.0" encoding="UTF-8"?>
<!-- Generated by org.testng.reporters.JUnitReportReporter -->
<testsuite hostname="DESKTOP-NU2NRDQ" failures="0" tests="3" name="day34TestNG.ThirdTestCase" time="0.007" errors="0" timestamp="2024-04-19T15:26:08 IST" skipped="0">
  <testcase classname="day34TestNG.ThirdTestCase" name="test1" time="0.006"/>
  <testcase classname="day34TestNG.ThirdTestCase" name="test2" time="0.000"/>
  <testcase classname="day34TestNG.ThirdTestCase" name="test3" time="0.001"/>
</testsuite> <!-- day34TestNG.ThirdTestCase -->
