<?xml version="1.0" encoding="UTF-8"?>
<!-- Generated by org.testng.reporters.JUnitReportReporter -->
<testsuite hostname="DESKTOP-NU2NRDQ" failures="0" tests="3" name="day34TestNG.FirstTest" time="0.009" errors="0" timestamp="2024-04-19T15:25:28 IST" skipped="0">
  <testcase classname="day34TestNG.FirstTest" name="openapp" time="0.007"/>
  <testcase classname="day34TestNG.FirstTest" name="login" time="0.001"/>
  <testcase classname="day34TestNG.FirstTest" name="logout" time="0.001"/>
</testsuite> <!-- day34TestNG.FirstTest -->
