<?xml version="1.0" encoding="UTF-8"?>
<!-- Generated by org.testng.reporters.JUnitReportReporter -->
<testsuite hostname="DESKTOP-NU2NRDQ" failures="0" tests="2" name="day35.AnnotationsDemo1" time="0.011" errors="0" timestamp="2024-04-19T15:26:49 IST" skipped="0">
  <testcase classname="day35.AnnotationsDemo1" name="search" time="0.005"/>
  <testcase classname="day35.AnnotationsDemo1" name="advacedsearch" time="0.006"/>
</testsuite> <!-- day35.AnnotationsDemo1 -->
