<?xml version="1.0" encoding="UTF-8"?>
<!-- Generated by org.testng.reporters.JUnitReportReporter -->
<testsuite hostname="DESKTOP-NU2NRDQ" failures="0" tests="2" name="day35.AllAnnotations" time="0.006" errors="0" timestamp="2024-04-19T15:26:36 IST" skipped="0">
  <testcase classname="day35.AllAnnotations" name="tm1" time="0.004"/>
  <testcase classname="day35.AllAnnotations" name="tm2" time="0.002"/>
</testsuite> <!-- day35.AllAnnotations -->
