<?xml version="1.0" encoding="UTF-8"?>
<!-- Generated by org.testng.reporters.JUnitReportReporter -->
<testsuite hostname="DESKTOP-NU2NRDQ" failures="0" tests="3" name="day34TestNG.SecondTest" time="18.835" errors="0" timestamp="2024-04-19T15:25:56 IST" skipped="0">
  <testcase classname="day34TestNG.SecondTest" name="openApp" time="15.425"/>
  <testcase classname="day34TestNG.SecondTest" name="login" time="3.323"/>
  <testcase classname="day34TestNG.SecondTest" name="closeApp" time="0.087"/>
</testsuite> <!-- day34TestNG.SecondTest -->
