<?xml version="1.0" encoding="UTF-8"?>
<!-- Generated by org.testng.reporters.JUnitReportReporter -->
<testsuite hostname="DESKTOP-NU2NRDQ" failures="0" tests="10" name="day37.InvocationCountDemo" time="0.013" errors="0" timestamp="2024-04-19T15:29:54 IST" skipped="0">
  <testcase classname="day37.InvocationCountDemo" name="test" time="0.001"/>
  <testcase classname="day37.InvocationCountDemo" name="test" time="0.001"/>
  <testcase classname="day37.InvocationCountDemo" name="test" time="0.000"/>
  <testcase classname="day37.InvocationCountDemo" name="test" time="0.001"/>
  <testcase classname="day37.InvocationCountDemo" name="test" time="0.000"/>
  <testcase classname="day37.InvocationCountDemo" name="test" time="0.007"/>
  <testcase classname="day37.InvocationCountDemo" name="test" time="0.000"/>
  <testcase classname="day37.InvocationCountDemo" name="test" time="0.001"/>
  <testcase classname="day37.InvocationCountDemo" name="test" time="0.001"/>
  <testcase classname="day37.InvocationCountDemo" name="test" time="0.001"/>
</testsuite> <!-- day37.InvocationCountDemo -->
